{"@timestamp":"2024-10-04T05:28:08.2812565Z","@version":"1","message":"Starting LoggingDemoApplication using Java 21.0.1 with PID 20644 (D:\\AmaliTech GTP2 Tasks\\ELK\\target\\classes started by elish in D:\\AmaliTech GTP2 Tasks\\ELK)","logger_name":"ges.elk.LoggingDemoApplication","thread_name":"main","level":"INFO","level_value":20000}
{"@timestamp":"2024-10-04T05:28:08.2942693Z","@version":"1","message":"Running with Spring Boot v3.3.3, Spring v6.1.12","logger_name":"ges.elk.LoggingDemoApplication","thread_name":"main","level":"DEBUG","level_value":10000}
{"@timestamp":"2024-10-04T05:28:08.2952697Z","@version":"1","message":"No active profile set, falling back to 1 default profile: \"default\"","logger_name":"ges.elk.LoggingDemoApplication","thread_name":"main","level":"INFO","level_value":20000}
{"@timestamp":"2024-10-04T05:28:09.3926529Z","@version":"1","message":"Tomcat initialized with port 8080 (http)","logger_name":"org.springframework.boot.web.embedded.tomcat.TomcatWebServer","thread_name":"main","level":"INFO","level_value":20000}
{"@timestamp":"2024-10-04T05:28:09.4042619Z","@version":"1","message":"Initializing ProtocolHandler [\"http-nio-8080\"]","logger_name":"org.apache.coyote.http11.Http11NioProtocol","thread_name":"main","level":"INFO","level_value":20000}
{"@timestamp":"2024-10-04T05:28:09.4082652Z","@version":"1","message":"Starting service [Tomcat]","logger_name":"org.apache.catalina.core.StandardService","thread_name":"main","level":"INFO","level_value":20000}
{"@timestamp":"2024-10-04T05:28:09.409221Z","@version":"1","message":"Starting Servlet engine: [Apache Tomcat/10.1.28]","logger_name":"org.apache.catalina.core.StandardEngine","thread_name":"main","level":"INFO","level_value":20000}
{"@timestamp":"2024-10-04T05:28:09.4639788Z","@version":"1","message":"Initializing Spring embedded WebApplicationContext","logger_name":"org.apache.catalina.core.ContainerBase.[Tomcat].[localhost].[/]","thread_name":"main","level":"INFO","level_value":20000}
{"@timestamp":"2024-10-04T05:28:09.4639788Z","@version":"1","message":"Root WebApplicationContext: initialization completed in 1106 ms","logger_name":"org.springframework.boot.web.servlet.context.ServletWebServerApplicationContext","thread_name":"main","level":"INFO","level_value":20000}
{"@timestamp":"2024-10-04T05:28:09.904718Z","@version":"1","message":"Starting ProtocolHandler [\"http-nio-8080\"]","logger_name":"org.apache.coyote.http11.Http11NioProtocol","thread_name":"main","level":"INFO","level_value":20000}
{"@timestamp":"2024-10-04T05:28:09.9277343Z","@version":"1","message":"Tomcat started on port 8080 (http) with context path '/'","logger_name":"org.springframework.boot.web.embedded.tomcat.TomcatWebServer","thread_name":"main","level":"INFO","level_value":20000}
{"@timestamp":"2024-10-04T05:28:09.9367758Z","@version":"1","message":"Started LoggingDemoApplication in 2.717 seconds (process running for 3.633)","logger_name":"ges.elk.LoggingDemoApplication","thread_name":"main","level":"INFO","level_value":20000}
{"@timestamp":"2024-10-04T05:29:23.661551Z","@version":"1","message":"Initializing Spring DispatcherServlet 'dispatcherServlet'","logger_name":"org.apache.catalina.core.ContainerBase.[Tomcat].[localhost].[/]","thread_name":"http-nio-8080-exec-1","level":"INFO","level_value":20000}
{"@timestamp":"2024-10-04T05:29:23.6625717Z","@version":"1","message":"Initializing Servlet 'dispatcherServlet'","logger_name":"org.springframework.web.servlet.DispatcherServlet","thread_name":"http-nio-8080-exec-1","level":"INFO","level_value":20000}
{"@timestamp":"2024-10-04T05:29:23.6635659Z","@version":"1","message":"Completed initialization in 1 ms","logger_name":"org.springframework.web.servlet.DispatcherServlet","thread_name":"http-nio-8080-exec-1","level":"INFO","level_value":20000}
{"@timestamp":"2024-10-04T05:29:23.6995617Z","@version":"1","message":"A DEBUG Message","logger_name":"ges.elk.LoggingDemoApplication","thread_name":"http-nio-8080-exec-1","level":"DEBUG","level_value":10000}
{"@timestamp":"2024-10-04T05:29:23.7005672Z","@version":"1","message":"An INFO Message","logger_name":"ges.elk.LoggingDemoApplication","thread_name":"http-nio-8080-exec-1","level":"INFO","level_value":20000}
{"@timestamp":"2024-10-04T05:29:23.7005672Z","@version":"1","message":"A WARN Message","logger_name":"ges.elk.LoggingDemoApplication","thread_name":"http-nio-8080-exec-1","level":"WARN","level_value":30000}
{"@timestamp":"2024-10-04T05:29:23.7005672Z","@version":"1","message":"An ERROR Message","logger_name":"ges.elk.LoggingDemoApplication","thread_name":"http-nio-8080-exec-1","level":"ERROR","level_value":40000}
{"@timestamp":"2024-10-04T05:51:41.7424274Z","@version":"1","message":"Starting LoggingDemoApplication using Java 21.0.1 with PID 32688 (D:\\AmaliTech GTP2 Tasks\\ELK\\target\\classes started by elish in D:\\AmaliTech GTP2 Tasks\\ELK)","logger_name":"ges.elk.LoggingDemoApplication","thread_name":"main","level":"INFO","level_value":20000}
{"@timestamp":"2024-10-04T05:51:41.7574251Z","@version":"1","message":"Running with Spring Boot v3.3.3, Spring v6.1.12","logger_name":"ges.elk.LoggingDemoApplication","thread_name":"main","level":"DEBUG","level_value":10000}
{"@timestamp":"2024-10-04T05:51:41.7584216Z","@version":"1","message":"No active profile set, falling back to 1 default profile: \"default\"","logger_name":"ges.elk.LoggingDemoApplication","thread_name":"main","level":"INFO","level_value":20000}
{"@timestamp":"2024-10-04T05:51:42.6601331Z","@version":"1","message":"Tomcat initialized with port 8080 (http)","logger_name":"org.springframework.boot.web.embedded.tomcat.TomcatWebServer","thread_name":"main","level":"INFO","level_value":20000}
{"@timestamp":"2024-10-04T05:51:42.6717599Z","@version":"1","message":"Initializing ProtocolHandler [\"http-nio-8080\"]","logger_name":"org.apache.coyote.http11.Http11NioProtocol","thread_name":"main","level":"INFO","level_value":20000}
{"@timestamp":"2024-10-04T05:51:42.674799Z","@version":"1","message":"Starting service [Tomcat]","logger_name":"org.apache.catalina.core.StandardService","thread_name":"main","level":"INFO","level_value":20000}
{"@timestamp":"2024-10-04T05:51:42.6757984Z","@version":"1","message":"Starting Servlet engine: [Apache Tomcat/10.1.28]","logger_name":"org.apache.catalina.core.StandardEngine","thread_name":"main","level":"INFO","level_value":20000}
{"@timestamp":"2024-10-04T05:51:42.7268062Z","@version":"1","message":"Initializing Spring embedded WebApplicationContext","logger_name":"org.apache.catalina.core.ContainerBase.[Tomcat].[localhost].[/]","thread_name":"main","level":"INFO","level_value":20000}
{"@timestamp":"2024-10-04T05:51:42.7278074Z","@version":"1","message":"Root WebApplicationContext: initialization completed in 923 ms","logger_name":"org.springframework.boot.web.servlet.context.ServletWebServerApplicationContext","thread_name":"main","level":"INFO","level_value":20000}
{"@timestamp":"2024-10-04T05:51:43.0806319Z","@version":"1","message":"Starting ProtocolHandler [\"http-nio-8080\"]","logger_name":"org.apache.coyote.http11.Http11NioProtocol","thread_name":"main","level":"INFO","level_value":20000}
{"@timestamp":"2024-10-04T05:51:43.097628Z","@version":"1","message":"Tomcat started on port 8080 (http) with context path '/'","logger_name":"org.springframework.boot.web.embedded.tomcat.TomcatWebServer","thread_name":"main","level":"INFO","level_value":20000}
{"@timestamp":"2024-10-04T05:51:43.1036739Z","@version":"1","message":"Started LoggingDemoApplication in 2.247 seconds (process running for 3.24)","logger_name":"ges.elk.LoggingDemoApplication","thread_name":"main","level":"INFO","level_value":20000}
{"@timestamp":"2024-10-04T05:54:26.0696707Z","@version":"1","message":"Initializing Spring DispatcherServlet 'dispatcherServlet'","logger_name":"org.apache.catalina.core.ContainerBase.[Tomcat].[localhost].[/]","thread_name":"http-nio-8080-exec-1","level":"INFO","level_value":20000}
{"@timestamp":"2024-10-04T05:54:26.0696707Z","@version":"1","message":"Initializing Servlet 'dispatcherServlet'","logger_name":"org.springframework.web.servlet.DispatcherServlet","thread_name":"http-nio-8080-exec-1","level":"INFO","level_value":20000}
{"@timestamp":"2024-10-04T05:54:26.0716711Z","@version":"1","message":"Completed initialization in 1 ms","logger_name":"org.springframework.web.servlet.DispatcherServlet","thread_name":"http-nio-8080-exec-1","level":"INFO","level_value":20000}
{"@timestamp":"2024-10-04T05:54:26.1097121Z","@version":"1","message":"A DEBUG Message","logger_name":"ges.elk.LoggingDemoApplication","thread_name":"http-nio-8080-exec-1","level":"DEBUG","level_value":10000}
{"@timestamp":"2024-10-04T05:54:26.1097121Z","@version":"1","message":"An INFO Message","logger_name":"ges.elk.LoggingDemoApplication","thread_name":"http-nio-8080-exec-1","level":"INFO","level_value":20000}
{"@timestamp":"2024-10-04T05:54:26.1097121Z","@version":"1","message":"A WARN Message","logger_name":"ges.elk.LoggingDemoApplication","thread_name":"http-nio-8080-exec-1","level":"WARN","level_value":30000}
{"@timestamp":"2024-10-04T05:54:26.1097121Z","@version":"1","message":"An ERROR Message","logger_name":"ges.elk.LoggingDemoApplication","thread_name":"http-nio-8080-exec-1","level":"ERROR","level_value":40000}
